# JRE version: OpenJDK Runtime Environment Microsoft-8035246 (17.0.8+7) (build 17.0.8+7-LTS)
# Java VM: OpenJDK 64-Bit Server VM Microsoft-8035246 (17.0.8+7-LTS, mixed mode, sharing, tiered, compressed oops, compressed class ptrs, g1 gc, windows-amd64)
GC Precious Log:
 CPUs: 8 total, 8 available
 Memory: 8059M
 Large Page Support: Disabled
 NUMA Support: Disabled
 Compressed Oops: Enabled (32-bit)
 Heap Region Size: 1M
 Heap Min Capacity: 8M
 Heap Initial Capacity: 126M
 Heap Max Capacity: 2G
 Pre-touch: Disabled
 Parallel Workers: 8
 Concurrent Workers: 2
 Concurrent Refinement Workers: 8
 Periodic GC: Disabled
Heap:
 garbage-first heap   total 271360K, used 191016K [0x0000000080000000, 0x0000000100000000)
  region size 1024K, 14 young (14336K), 4 survivors (4096K)
 Metaspace       used 105260K, committed 106432K, reserved 557056K
  class space    used 14501K, committed 15104K, reserved 425984K
GC Heap History (20 events):
Event: 55.859 GC heap before
{Heap before GC invocations=58 (full 0):
 garbage-first heap   total 222208K, used 139820K [0x0000000080000000, 0x0000000100000000)
  region size 1024K, 10 young (10240K), 4 survivors (4096K)
 Metaspace       used 95030K, committed 95936K, reserved 557056K
  class space    used 13187K, committed 13632K, reserved 425984K
}
Event: 55.863 GC heap after
{Heap after GC invocations=59 (full 0):
 garbage-first heap   total 222208K, used 134839K [0x0000000080000000, 0x0000000100000000)
  region size 1024K, 2 young (2048K), 2 survivors (2048K)
 Metaspace       used 95030K, committed 95936K, reserved 557056K
  class space    used 13187K, committed 13632K, reserved 425984K
}
Event: 56.726 GC heap before
{Heap before GC invocations=59 (full 0):
 garbage-first heap   total 222208K, used 178871K [0x0000000080000000, 0x0000000100000000)
  region size 1024K, 39 young (39936K), 2 survivors (2048K)
 Metaspace       used 97029K, committed 97984K, reserved 557056K
  class space    used 13443K, committed 13888K, reserved 425984K
}
Event: 56.730 GC heap after
{Heap after GC invocations=60 (full 0):
 garbage-first heap   total 222208K, used 148279K [0x0000000080000000, 0x0000000100000000)
  region size 1024K, 5 young (5120K), 5 survivors (5120K)
 Metaspace       used 97029K, committed 97984K, reserved 557056K
  class space    used 13443K, committed 13888K, reserved 425984K
}
Event: 57.232 GC heap before
{Heap before GC invocations=60 (full 0):
 garbage-first heap   total 222208K, used 180023K [0x0000000080000000, 0x0000000100000000)
  region size 1024K, 36 young (36864K), 5 survivors (5120K)
 Metaspace       used 98883K, committed 99904K, reserved 557056K
  class space    used 13699K, committed 14208K, reserved 425984K
}
Event: 57.239 GC heap after
{Heap after GC invocations=61 (full 0):
 garbage-first heap   total 222208K, used 152287K [0x0000000080000000, 0x0000000100000000)
  region size 1024K, 5 young (5120K), 5 survivors (5120K)
 Metaspace       used 98883K, committed 99904K, reserved 557056K
  class space    used 13699K, committed 14208K, reserved 425984K
}
Event: 57.614 GC heap before
{Heap before GC invocations=61 (full 0):
 garbage-first heap   total 222208K, used 181983K [0x0000000080000000, 0x0000000100000000)
  region size 1024K, 34 young (34816K), 5 survivors (5120K)
 Metaspace       used 100502K, committed 101504K, reserved 557056K
  class space    used 13910K, committed 14400K, reserved 425984K
}
Event: 57.620 GC heap after
{Heap after GC invocations=62 (full 0):
 garbage-first heap   total 222208K, used 155301K [0x0000000080000000, 0x0000000100000000)
  region size 1024K, 3 young (3072K), 3 survivors (3072K)
 Metaspace       used 100502K, committed 101504K, reserved 557056K
  class space    used 13910K, committed 14400K, reserved 425984K
}
Event: 58.546 GC heap before
{Heap before GC invocations=63 (full 0):
 garbage-first heap   total 271360K, used 180901K [0x0000000080000000, 0x0000000100000000)
  region size 1024K, 28 young (28672K), 3 survivors (3072K)
 Metaspace       used 100921K, committed 101888K, reserved 557056K
  class space    used 13946K, committed 14400K, reserved 425984K
}
Event: 58.561 GC heap after
{Heap after GC invocations=64 (full 0):
 garbage-first heap   total 271360K, used 160353K [0x0000000080000000, 0x0000000100000000)
  region size 1024K, 4 young (4096K), 4 survivors (4096K)
 Metaspace       used 100921K, committed 101888K, reserved 557056K
  class space    used 13946K, committed 14400K, reserved 425984K
}
Event: 58.709 GC heap before
{Heap before GC invocations=64 (full 0):
 garbage-first heap   total 271360K, used 169569K [0x0000000080000000, 0x0000000100000000)
  region size 1024K, 13 young (13312K), 4 survivors (4096K)
 Metaspace       used 101157K, committed 102208K, reserved 557056K
  class space    used 13979K, committed 14464K, reserved 425984K
}
Event: 58.715 GC heap after
{Heap after GC invocations=65 (full 0):
 garbage-first heap   total 271360K, used 161101K [0x0000000080000000, 0x0000000100000000)
  region size 1024K, 2 young (2048K), 2 survivors (2048K)
 Metaspace       used 101157K, committed 102208K, reserved 557056K
  class space    used 13979K, committed 14464K, reserved 425984K
}
Event: 59.489 GC heap before
{Heap before GC invocations=65 (full 0):
 garbage-first heap   total 271360K, used 211277K [0x0000000080000000, 0x0000000100000000)
  region size 1024K, 51 young (52224K), 2 survivors (2048K)
 Metaspace       used 101607K, committed 102592K, reserved 557056K
  class space    used 14017K, committed 14464K, reserved 425984K
}
Event: 59.496 GC heap after
{Heap after GC invocations=66 (full 0):
 garbage-first heap   total 271360K, used 166344K [0x0000000080000000, 0x0000000100000000)
  region size 1024K, 7 young (7168K), 7 survivors (7168K)
 Metaspace       used 101607K, committed 102592K, reserved 557056K
  class space    used 14017K, committed 14464K, reserved 425984K
}
Event: 60.282 GC heap before
{Heap before GC invocations=66 (full 0):
 garbage-first heap   total 271360K, used 215496K [0x0000000080000000, 0x0000000100000000)
  region size 1024K, 55 young (56320K), 7 survivors (7168K)
 Metaspace       used 103797K, committed 104832K, reserved 557056K
  class space    used 14279K, committed 14784K, reserved 425984K
}
Event: 60.290 GC heap after
{Heap after GC invocations=67 (full 0):
 garbage-first heap   total 271360K, used 171298K [0x0000000080000000, 0x0000000100000000)
  region size 1024K, 6 young (6144K), 6 survivors (6144K)
 Metaspace       used 103797K, committed 104832K, reserved 557056K
  class space    used 14279K, committed 14784K, reserved 425984K
}
Event: 60.667 GC heap before
{Heap before GC invocations=67 (full 0):
 garbage-first heap   total 271360K, used 218402K [0x0000000080000000, 0x0000000100000000)
  region size 1024K, 53 young (54272K), 6 survivors (6144K)
 Metaspace       used 104620K, committed 105728K, reserved 557056K
  class space    used 14428K, committed 14976K, reserved 425984K
}
Event: 60.674 GC heap after
{Heap after GC invocations=68 (full 0):
 garbage-first heap   total 271360K, used 174194K [0x0000000080000000, 0x0000000100000000)
  region size 1024K, 3 young (3072K), 3 survivors (3072K)
 Metaspace       used 104620K, committed 105728K, reserved 557056K
  class space    used 14428K, committed 14976K, reserved 425984K
}
Event: 61.356 GC heap before
{Heap before GC invocations=68 (full 0):
 garbage-first heap   total 271360K, used 221298K [0x0000000080000000, 0x0000000100000000)
  region size 1024K, 50 young (51200K), 3 survivors (3072K)
 Metaspace       used 105206K, committed 106368K, reserved 557056K
  class space    used 14500K, committed 15104K, reserved 425984K
}
Event: 61.362 GC heap after
{Heap after GC invocations=69 (full 0):
 garbage-first heap   total 271360K, used 178540K [0x0000000080000000, 0x0000000100000000)
  region size 1024K, 7 young (7168K), 7 survivors (7168K)
 Metaspace       used 105206K, committed 106368K, reserved 557056K
  class space    used 14500K, committed 15104K, reserved 425984K
}

