# JRE version: OpenJDK Runtime Environment Microsoft-8035246 (17.0.8+7) (build 17.0.8+7-LTS)
# Java VM: OpenJDK 64-Bit Server VM Microsoft-8035246 (17.0.8+7-LTS, mixed mode, sharing, tiered, compressed oops, compressed class ptrs, g1 gc, windows-amd64)
GC Precious Log:
 CPUs: 8 total, 8 available
 Memory: 8059M
 Large Page Support: Disabled
 NUMA Support: Disabled
 Compressed Oops: Enabled (32-bit)
 Heap Region Size: 1M
 Heap Min Capacity: 8M
 Heap Initial Capacity: 126M
 Heap Max Capacity: 2G
 Pre-touch: Disabled
 Parallel Workers: 8
 Concurrent Workers: 2
 Concurrent Refinement Workers: 8
 Periodic GC: Disabled
Heap:
 garbage-first heap   total 291840K, used 237906K [0x0000000080000000, 0x0000000100000000)
  region size 1024K, 71 young (72704K), 7 survivors (7168K)
 Metaspace       used 105141K, committed 106240K, reserved 557056K
  class space    used 14481K, committed 14976K, reserved 425984K
GC Heap History (20 events):
Event: 130.928 GC heap before
{Heap before GC invocations=51 (full 0):
 garbage-first heap   total 215040K, used 180682K [0x0000000080000000, 0x0000000100000000)
  region size 1024K, 43 young (44032K), 2 survivors (2048K)
 Metaspace       used 96442K, committed 97536K, reserved 557056K
  class space    used 13384K, committed 13888K, reserved 425984K
}
Event: 130.933 GC heap after
{Heap after GC invocations=52 (full 0):
 garbage-first heap   total 215040K, used 147016K [0x0000000080000000, 0x0000000100000000)
  region size 1024K, 6 young (6144K), 6 survivors (6144K)
 Metaspace       used 96442K, committed 97536K, reserved 557056K
  class space    used 13384K, committed 13888K, reserved 425984K
}
Event: 132.369 GC heap before
{Heap before GC invocations=52 (full 0):
 garbage-first heap   total 215040K, used 176712K [0x0000000080000000, 0x0000000100000000)
  region size 1024K, 35 young (35840K), 6 survivors (6144K)
 Metaspace       used 98381K, committed 99392K, reserved 557056K
  class space    used 13628K, committed 14080K, reserved 425984K
}
Event: 132.377 GC heap after
{Heap after GC invocations=53 (full 0):
 garbage-first heap   total 215040K, used 151272K [0x0000000080000000, 0x0000000100000000)
  region size 1024K, 5 young (5120K), 5 survivors (5120K)
 Metaspace       used 98381K, committed 99392K, reserved 557056K
  class space    used 13628K, committed 14080K, reserved 425984K
}
Event: 132.896 GC heap before
{Heap before GC invocations=53 (full 0):
 garbage-first heap   total 215040K, used 177896K [0x0000000080000000, 0x0000000100000000)
  region size 1024K, 31 young (31744K), 5 survivors (5120K)
 Metaspace       used 99799K, committed 100864K, reserved 557056K
  class space    used 13811K, committed 14272K, reserved 425984K
}
Event: 132.902 GC heap after
{Heap after GC invocations=54 (full 0):
 garbage-first heap   total 215040K, used 153802K [0x0000000080000000, 0x0000000100000000)
  region size 1024K, 3 young (3072K), 3 survivors (3072K)
 Metaspace       used 99799K, committed 100864K, reserved 557056K
  class space    used 13811K, committed 14272K, reserved 425984K
}
Event: 133.884 GC heap before
{Heap before GC invocations=54 (full 0):
 garbage-first heap   total 215040K, used 180426K [0x0000000080000000, 0x0000000100000000)
  region size 1024K, 29 young (29696K), 3 survivors (3072K)
 Metaspace       used 100757K, committed 101888K, reserved 557056K
  class space    used 13932K, committed 14464K, reserved 425984K
}
Event: 133.895 GC heap after
{Heap after GC invocations=55 (full 0):
 garbage-first heap   total 215040K, used 159187K [0x0000000080000000, 0x0000000100000000)
  region size 1024K, 4 young (4096K), 4 survivors (4096K)
 Metaspace       used 100757K, committed 101888K, reserved 557056K
  class space    used 13932K, committed 14464K, reserved 425984K
}
Event: 134.638 GC heap before
{Heap before GC invocations=55 (full 0):
 garbage-first heap   total 215040K, used 180691K [0x0000000080000000, 0x0000000100000000)
  region size 1024K, 25 young (25600K), 4 survivors (4096K)
 Metaspace       used 101179K, committed 102272K, reserved 557056K
  class space    used 13979K, committed 14464K, reserved 425984K
}
Event: 134.652 GC heap after
{Heap after GC invocations=56 (full 0):
 garbage-first heap   total 215040K, used 162375K [0x0000000080000000, 0x0000000100000000)
  region size 1024K, 3 young (3072K), 3 survivors (3072K)
 Metaspace       used 101179K, committed 102272K, reserved 557056K
  class space    used 13979K, committed 14464K, reserved 425984K
}
Event: 135.034 GC heap before
{Heap before GC invocations=56 (full 0):
 garbage-first heap   total 215040K, used 181831K [0x0000000080000000, 0x0000000100000000)
  region size 1024K, 22 young (22528K), 3 survivors (3072K)
 Metaspace       used 101268K, committed 102336K, reserved 557056K
  class space    used 13980K, committed 14464K, reserved 425984K
}
Event: 135.038 GC heap after
{Heap after GC invocations=57 (full 0):
 garbage-first heap   total 215040K, used 164860K [0x0000000080000000, 0x0000000100000000)
  region size 1024K, 3 young (3072K), 3 survivors (3072K)
 Metaspace       used 101268K, committed 102336K, reserved 557056K
  class space    used 13980K, committed 14464K, reserved 425984K
}
Event: 135.383 GC heap before
{Heap before GC invocations=57 (full 0):
 garbage-first heap   total 215040K, used 183292K [0x0000000080000000, 0x0000000100000000)
  region size 1024K, 21 young (21504K), 3 survivors (3072K)
 Metaspace       used 101423K, committed 102464K, reserved 557056K
  class space    used 13994K, committed 14464K, reserved 425984K
}
Event: 135.390 GC heap after
{Heap after GC invocations=58 (full 0):
 garbage-first heap   total 215040K, used 167148K [0x0000000080000000, 0x0000000100000000)
  region size 1024K, 3 young (3072K), 3 survivors (3072K)
 Metaspace       used 101423K, committed 102464K, reserved 557056K
  class space    used 13994K, committed 14464K, reserved 425984K
}
Event: 135.786 GC heap before
{Heap before GC invocations=59 (full 0):
 garbage-first heap   total 291840K, used 179436K [0x0000000080000000, 0x0000000100000000)
  region size 1024K, 15 young (15360K), 3 survivors (3072K)
 Metaspace       used 101629K, committed 102720K, reserved 557056K
  class space    used 14018K, committed 14528K, reserved 425984K
}
Event: 135.790 GC heap after
{Heap after GC invocations=60 (full 0):
 garbage-first heap   total 291840K, used 168836K [0x0000000080000000, 0x0000000100000000)
  region size 1024K, 2 young (2048K), 2 survivors (2048K)
 Metaspace       used 101629K, committed 102720K, reserved 557056K
  class space    used 14018K, committed 14528K, reserved 425984K
}
Event: 136.064 GC heap before
{Heap before GC invocations=60 (full 0):
 garbage-first heap   total 291840K, used 181124K [0x0000000080000000, 0x0000000100000000)
  region size 1024K, 14 young (14336K), 2 survivors (2048K)
 Metaspace       used 102239K, committed 103296K, reserved 557056K
  class space    used 14085K, committed 14592K, reserved 425984K
}
Event: 136.070 GC heap after
{Heap after GC invocations=61 (full 0):
 garbage-first heap   total 291840K, used 168715K [0x0000000080000000, 0x0000000100000000)
  region size 1024K, 2 young (2048K), 2 survivors (2048K)
 Metaspace       used 102239K, committed 103296K, reserved 557056K
  class space    used 14085K, committed 14592K, reserved 425984K
}
Event: 137.914 GC heap before
{Heap before GC invocations=61 (full 0):
 garbage-first heap   total 291840K, used 236299K [0x0000000080000000, 0x0000000100000000)
  region size 1024K, 69 young (70656K), 2 survivors (2048K)
 Metaspace       used 104441K, committed 105536K, reserved 557056K
  class space    used 14404K, committed 14912K, reserved 425984K
}
Event: 137.956 GC heap after
{Heap after GC invocations=62 (full 0):
 garbage-first heap   total 291840K, used 174418K [0x0000000080000000, 0x0000000100000000)
  region size 1024K, 7 young (7168K), 7 survivors (7168K)
 Metaspace       used 104441K, committed 105536K, reserved 557056K
  class space    used 14404K, committed 14912K, reserved 425984K
}

