# JRE version: OpenJDK Runtime Environment Microsoft-8035246 (17.0.8+7) (build 17.0.8+7-LTS)
# Java VM: OpenJDK 64-Bit Server VM Microsoft-8035246 (17.0.8+7-LTS, mixed mode, sharing, tiered, compressed oops, compressed class ptrs, g1 gc, windows-amd64)
GC Precious Log:
 CPUs: 8 total, 8 available
 Memory: 16251M
 Large Page Support: Disabled
 NUMA Support: Disabled
 Compressed Oops: Enabled (32-bit)
 Heap Region Size: 1M
 Heap Min Capacity: 8M
 Heap Initial Capacity: 254M
 Heap Max Capacity: 2G
 Pre-touch: Disabled
 Parallel Workers: 8
 Concurrent Workers: 2
 Concurrent Refinement Workers: 8
 Periodic GC: Disabled
Heap:
 garbage-first heap   total 269312K, used 220112K [0x0000000080000000, 0x0000000100000000)
  region size 1024K, 36 young (36864K), 6 survivors (6144K)
 Metaspace       used 105709K, committed 106880K, reserved 557056K
  class space    used 14561K, committed 15104K, reserved 425984K
GC Heap History (20 events):
Event: 45.867 GC heap before
{Heap before GC invocations=60 (full 0):
 garbage-first heap   total 186368K, used 166095K [0x0000000080000000, 0x0000000100000000)
  region size 1024K, 9 young (9216K), 2 survivors (2048K)
 Metaspace       used 99500K, committed 100544K, reserved 557056K
  class space    used 13762K, committed 14208K, reserved 425984K
}
Event: 45.870 GC heap after
{Heap after GC invocations=61 (full 0):
 garbage-first heap   total 224256K, used 160558K [0x0000000080000000, 0x0000000100000000)
  region size 1024K, 2 young (2048K), 2 survivors (2048K)
 Metaspace       used 99500K, committed 100544K, reserved 557056K
  class space    used 13762K, committed 14208K, reserved 425984K
}
Event: 46.118 GC heap before
{Heap before GC invocations=61 (full 0):
 garbage-first heap   total 224256K, used 183086K [0x0000000080000000, 0x0000000100000000)
  region size 1024K, 24 young (24576K), 2 survivors (2048K)
 Metaspace       used 100571K, committed 101568K, reserved 557056K
  class space    used 13918K, committed 14400K, reserved 425984K
}
Event: 46.121 GC heap after
{Heap after GC invocations=62 (full 0):
 garbage-first heap   total 224256K, used 162291K [0x0000000080000000, 0x0000000100000000)
  region size 1024K, 3 young (3072K), 3 survivors (3072K)
 Metaspace       used 100571K, committed 101568K, reserved 557056K
  class space    used 13918K, committed 14400K, reserved 425984K
}
Event: 46.557 GC heap before
{Heap before GC invocations=62 (full 0):
 garbage-first heap   total 224256K, used 185843K [0x0000000080000000, 0x0000000100000000)
  region size 1024K, 26 young (26624K), 3 survivors (3072K)
 Metaspace       used 101214K, committed 102272K, reserved 557056K
  class space    used 13984K, committed 14464K, reserved 425984K
}
Event: 46.564 GC heap after
{Heap after GC invocations=63 (full 0):
 garbage-first heap   total 224256K, used 167991K [0x0000000080000000, 0x0000000100000000)
  region size 1024K, 4 young (4096K), 4 survivors (4096K)
 Metaspace       used 101214K, committed 102272K, reserved 557056K
  class space    used 13984K, committed 14464K, reserved 425984K
}
Event: 47.043 GC heap before
{Heap before GC invocations=63 (full 0):
 garbage-first heap   total 224256K, used 187447K [0x0000000080000000, 0x0000000100000000)
  region size 1024K, 23 young (23552K), 4 survivors (4096K)
 Metaspace       used 101604K, committed 102656K, reserved 557056K
  class space    used 14028K, committed 14528K, reserved 425984K
}
Event: 47.048 GC heap after
{Heap after GC invocations=64 (full 0):
 garbage-first heap   total 224256K, used 171446K [0x0000000080000000, 0x0000000100000000)
  region size 1024K, 3 young (3072K), 3 survivors (3072K)
 Metaspace       used 101604K, committed 102656K, reserved 557056K
  class space    used 14028K, committed 14528K, reserved 425984K
}
Event: 47.233 GC heap before
{Heap before GC invocations=64 (full 0):
 garbage-first heap   total 224256K, used 189878K [0x0000000080000000, 0x0000000100000000)
  region size 1024K, 21 young (21504K), 3 survivors (3072K)
 Metaspace       used 101693K, committed 102784K, reserved 557056K
  class space    used 14029K, committed 14528K, reserved 425984K
}
Event: 47.237 GC heap after
{Heap after GC invocations=65 (full 0):
 garbage-first heap   total 224256K, used 173697K [0x0000000080000000, 0x0000000100000000)
  region size 1024K, 3 young (3072K), 3 survivors (3072K)
 Metaspace       used 101693K, committed 102784K, reserved 557056K
  class space    used 14029K, committed 14528K, reserved 425984K
}
Event: 47.382 GC heap before
{Heap before GC invocations=65 (full 0):
 garbage-first heap   total 224256K, used 190081K [0x0000000080000000, 0x0000000100000000)
  region size 1024K, 19 young (19456K), 3 survivors (3072K)
 Metaspace       used 101747K, committed 102848K, reserved 557056K
  class space    used 14031K, committed 14528K, reserved 425984K
}
Event: 47.385 GC heap after
{Heap after GC invocations=66 (full 0):
 garbage-first heap   total 224256K, used 175510K [0x0000000080000000, 0x0000000100000000)
  region size 1024K, 2 young (2048K), 2 survivors (2048K)
 Metaspace       used 101747K, committed 102848K, reserved 557056K
  class space    used 14031K, committed 14528K, reserved 425984K
}
Event: 47.530 GC heap before
{Heap before GC invocations=66 (full 0):
 garbage-first heap   total 224256K, used 191894K [0x0000000080000000, 0x0000000100000000)
  region size 1024K, 18 young (18432K), 2 survivors (2048K)
 Metaspace       used 101940K, committed 102976K, reserved 557056K
  class space    used 14050K, committed 14528K, reserved 425984K
}
Event: 47.534 GC heap after
{Heap after GC invocations=67 (full 0):
 garbage-first heap   total 269312K, used 177877K [0x0000000080000000, 0x0000000100000000)
  region size 1024K, 3 young (3072K), 3 survivors (3072K)
 Metaspace       used 101940K, committed 102976K, reserved 557056K
  class space    used 14050K, committed 14528K, reserved 425984K
}
Event: 48.140 GC heap before
{Heap before GC invocations=67 (full 0):
 garbage-first heap   total 269312K, used 223957K [0x0000000080000000, 0x0000000100000000)
  region size 1024K, 48 young (49152K), 3 survivors (3072K)
 Metaspace       used 104161K, committed 105280K, reserved 557056K
  class space    used 14318K, committed 14848K, reserved 425984K
}
Event: 48.145 GC heap after
{Heap after GC invocations=68 (full 0):
 garbage-first heap   total 269312K, used 182646K [0x0000000080000000, 0x0000000100000000)
  region size 1024K, 6 young (6144K), 6 survivors (6144K)
 Metaspace       used 104161K, committed 105280K, reserved 557056K
  class space    used 14318K, committed 14848K, reserved 425984K
}
Event: 48.454 GC heap before
{Heap before GC invocations=68 (full 0):
 garbage-first heap   total 269312K, used 224630K [0x0000000080000000, 0x0000000100000000)
  region size 1024K, 48 young (49152K), 6 survivors (6144K)
 Metaspace       used 104961K, committed 106112K, reserved 557056K
  class space    used 14479K, committed 15040K, reserved 425984K
}
Event: 48.463 GC heap after
{Heap after GC invocations=69 (full 0):
 garbage-first heap   total 269312K, used 186356K [0x0000000080000000, 0x0000000100000000)
  region size 1024K, 4 young (4096K), 4 survivors (4096K)
 Metaspace       used 104961K, committed 106112K, reserved 557056K
  class space    used 14479K, committed 15040K, reserved 425984K
}
Event: 49.187 GC heap before
{Heap before GC invocations=69 (full 0):
 garbage-first heap   total 269312K, used 226292K [0x0000000080000000, 0x0000000100000000)
  region size 1024K, 44 young (45056K), 4 survivors (4096K)
 Metaspace       used 105638K, committed 106752K, reserved 557056K
  class space    used 14560K, committed 15104K, reserved 425984K
}
Event: 49.192 GC heap after
{Heap after GC invocations=70 (full 0):
 garbage-first heap   total 269312K, used 190416K [0x0000000080000000, 0x0000000100000000)
  region size 1024K, 6 young (6144K), 6 survivors (6144K)
 Metaspace       used 105638K, committed 106752K, reserved 557056K
  class space    used 14560K, committed 15104K, reserved 425984K
}

